<beans xmlns="http://www.springframework.org/schema/beans"
       xmlns:webflow="http://www.springframework.org/schema/webflow-config"
       xmlns:context="http://www.springframework.org/schema/context"
       xmlns:xsi="http://www.w3.org/2001/XMLSchema-instance"
       xsi:schemaLocation="http://www.springframework.org/schema/beans http://www.springframework.org/schema/beans/spring-beans.xsd
                           http://www.springframework.org/schema/context http://www.springframework.org/schema/context/spring-context.xsd
                           http://www.springframework.org/schema/webflow-config http://www.springframework.org/schema/webflow-config/spring-webflow-config-2.3.xsd">
                           
    <webflow:flow-registry id="testFlowRegistry" parent="flowRegistry" base-path="classpath:/mapping/webflows" flow-builder-services="flowBuilderServices">
        <webflow:flow-location id="testResolveAndFilter" path="/resolveAndFilter-flow.xml" />
    </webflow:flow-registry>      
    
    <webflow:flow-executor id="flowExecutor" flow-registry="testFlowRegistry"/>
</beans>