<?xml version="1.0" encoding="UTF-8"?>
<afp:AttributeFilterPolicyGroup id="ShibbolethFilterPolicy"
        xmlns:afp="urn:mace:shibboleth:2.0:afp"
        xmlns:basic="urn:mace:shibboleth:2.0:afp:mf:basic"
        xmlns:saml="urn:mace:shibboleth:2.0:afp:mf:saml"
        xmlns:xsi="http://www.w3.org/2001/XMLSchema-instance"
        xsi:schemaLocation="urn:mace:shibboleth:2.0:afp http://shibboleth.net/schema/idp/shibboleth-afp.xsd
                            urn:mace:shibboleth:2.0:afp:mf:basic http://shibboleth.net/schema/idp/shibboleth-afp-mf-basic.xsd
                            urn:mace:shibboleth:2.0:afp:mf:saml http://shibboleth.net/schema/idp/shibboleth-afp-mf-saml.xsd">

    <afp:AttributeFilterPolicy id="test-policy">
        <afp:PolicyRequirementRule xsi:type="basic:OR">
            <basic:Rule xsi:type="basic:AttributeRequesterString" value="https://test.example.org/" />
            <basic:Rule xsi:type="basic:AttributeRequesterString" value="https://alt-username.example.org/" />
            <basic:Rule xsi:type="basic:AttributeRequesterString" value="https://no-attrs.example.org/" />
        </afp:PolicyRequirementRule>

        <afp:AttributeRule attributeID="eduPersonPrincipalName">
            <afp:PermitValueRule xsi:type="basic:ANY" />
        </afp:AttributeRule>

        <afp:AttributeRule attributeID="uid">
            <afp:PermitValueRule xsi:type="basic:ANY" />
        </afp:AttributeRule>

        <afp:AttributeRule attributeID="mail">
            <afp:PermitValueRule xsi:type="basic:ANY" />
        </afp:AttributeRule>
    </afp:AttributeFilterPolicy>

</afp:AttributeFilterPolicyGroup>
