<flow xmlns="http://www.springframework.org/schema/webflow"
      xmlns:xsi="http://www.w3.org/2001/XMLSchema-instance"
      xsi:schemaLocation="http://www.springframework.org/schema/webflow http://www.springframework.org/schema/webflow/spring-webflow.xsd">

    <on-start>
        <set name="conversationScope.testProceed1" value="true" />
    </on-start>

    <end-state id="proceed" />

</flow>
