<?xml version="1.0" encoding="UTF-8"?>
<beans xmlns="http://www.springframework.org/schema/beans"
    xmlns:c="http://www.springframework.org/schema/c" xmlns:context="http://www.springframework.org/schema/context"
    xmlns:p="http://www.springframework.org/schema/p" xmlns:util="http://www.springframework.org/schema/util"
    xmlns:xsi="http://www.w3.org/2001/XMLSchema-instance"
    xsi:schemaLocation="http://www.springframework.org/schema/beans http://www.springframework.org/schema/beans/spring-beans.xsd
                           http://www.springframework.org/schema/context http://www.springframework.org/schema/context/spring-context.xsd
                           http://www.springframework.org/schema/util http://www.springframework.org/schema/util/spring-util.xsd"
    default-init-method="initialize" default-destroy-method="destroy">

    <bean class="net.shibboleth.ext.spring.config.IdentifiableBeanPostProcessor" />

    <bean id="InitializeProfileRequestContext"
        class="net.shibboleth.idp.profile.impl.InitializeProfileRequestContext"
        scope="prototype" p:profileId="test-profile-flow" />

    <bean id="PopulateInterceptContext"
            class="net.shibboleth.idp.profile.interceptor.impl.PopulateProfileInterceptorContext" scope="prototype"
            p:availableFlows-ref="shibboleth.AvailableInterceptFlows">
        <property name="activeFlowsLookupStrategy">
            <bean class="com.google.common.base.Functions" factory-method="constant" c:_0-ref="ActivatedFlows" />
        </property>
    </bean>

    <util:list id="ActivatedFlows">
        <value>test-proceed-1-flow</value>
        <value>test-proceed-2-flow</value>
        <value>test-error-flow</value>
    </util:list>

</beans>