<?xml version="1.0" encoding="UTF-8" standalone="no"?><EntitiesDescriptor xmlns="urn:oasis:names:tc:SAML:2.0:metadata" xmlns:xsi="http://www.w3.org/2001/XMLSchema-instance" Name="test1-metadata"><ds:Signature xmlns:ds="http://www.w3.org/2000/09/xmldsig#">
<ds:SignedInfo>
<ds:CanonicalizationMethod Algorithm="http://www.w3.org/2001/10/xml-exc-c14n#"/>
<ds:SignatureMethod Algorithm="http://www.w3.org/2000/09/xmldsig#rsa-sha1"/>
<ds:Reference URI="">
<ds:Transforms>
<ds:Transform Algorithm="http://www.w3.org/2000/09/xmldsig#enveloped-signature"/>
<ds:Transform Algorithm="http://www.w3.org/2001/10/xml-exc-c14n#"/>
</ds:Transforms>
<ds:DigestMethod Algorithm="http://www.w3.org/2000/09/xmldsig#sha1"/>
<ds:DigestValue>Lg88R+9/CPdnRAA/HwwF4zhcb68=</ds:DigestValue>
</ds:Reference>
</ds:SignedInfo>
<ds:SignatureValue>
nbuCOjgGERaV1Mnk7MkdeLo6ThF/C12eDWFTMe924WO8LxmS5A+2GI0SZ11BnKHklbfT9Sqlswyd
7Z+bjH0mHChUEXXREQEEyaqtel+cc+sU8v7cZfXX5eJeElc1BBPt9r8RdjRI6fIwj4DG/PsiUdBd
vsGOrSFPeMl6MkdBFyx/bzLrsnnK7hLmq85Hejo3dFCypj7H6wHyL99HO2I1+5J3kzqfBHaEmDsE
vI2ZtYMBvFY+Og156gkNScqA8BNuwNU6LcvEdPXdUmQJ/EY01h2D+oENWDwisJma9Cx9T2u1hDBp
3SOEItQodxRz+l30zSUyxk99JGzcfP+/4g1Kmw==
</ds:SignatureValue>
<ds:KeyInfo>
<ds:KeyValue>
<ds:RSAKeyValue>
<ds:Modulus>
xg0TyQAP/tIvOH89EtaXuRRn8SYzTj7W1TbNY4VvBmobjkRmSkki4hH9x4sQpi635wn6WtXTN/FN
NmkTK3N/LspmBWxfZS+n+cc7I82E5yvCAPX67QsZgqgglp2W5dvK/FsMMCS6X6SVqzBLMP88NenX
KxY+HMxMs0sT0UKYh1cAEqadrHRBO65aDBcm5a0sBVYt9K6pgaOHrp/zSIbhnR5tFFLjBbtFktDp
HL3AdGBH3OYidNGKBO3tJ3Ms7LeKXsM0+0Y4P+9fHZINL2X3E2N6GVnKs5PZTg9sP0FtIpAbYm/+
zCx7Yj1ET/Er8mDd6tNVGSQsn9s5xUBwGqn14w==
</ds:Modulus>
<ds:Exponent>AQAB</ds:Exponent>
</ds:RSAKeyValue>
</ds:KeyValue>
<ds:X509Data>
<ds:X509Certificate>
MIIDtTCCAp2gAwIBAgIJAPmsD+VGldyPMA0GCSqGSIb3DQEBCwUAMEUxCzAJBgNVBAYTAkFVMRMw
EQYDVQQIEwpTb21lLVN0YXRlMSEwHwYDVQQKExhJbnRlcm5ldCBXaWRnaXRzIFB0eSBMdGQwHhcN
MTQwNDExMTMzOTE4WhcNMjQwNDA4MTMzOTE4WjBFMQswCQYDVQQGEwJBVTETMBEGA1UECBMKU29t
ZS1TdGF0ZTEhMB8GA1UEChMYSW50ZXJuZXQgV2lkZ2l0cyBQdHkgTHRkMIIBIjANBgkqhkiG9w0B
AQEFAAOCAQ8AMIIBCgKCAQEAxg0TyQAP/tIvOH89EtaXuRRn8SYzTj7W1TbNY4VvBmobjkRmSkki
4hH9x4sQpi635wn6WtXTN/FNNmkTK3N/LspmBWxfZS+n+cc7I82E5yvCAPX67QsZgqgglp2W5dvK
/FsMMCS6X6SVqzBLMP88NenXKxY+HMxMs0sT0UKYh1cAEqadrHRBO65aDBcm5a0sBVYt9K6pgaOH
rp/zSIbhnR5tFFLjBbtFktDpHL3AdGBH3OYidNGKBO3tJ3Ms7LeKXsM0+0Y4P+9fHZINL2X3E2N6
GVnKs5PZTg9sP0FtIpAbYm/+zCx7Yj1ET/Er8mDd6tNVGSQsn9s5xUBwGqn14wIDAQABo4GnMIGk
MB0GA1UdDgQWBBSiQhSup9BYjD2ZuMkEiQK7w/Zq0TB1BgNVHSMEbjBsgBSiQhSup9BYjD2ZuMkE
iQK7w/Zq0aFJpEcwRTELMAkGA1UEBhMCQVUxEzARBgNVBAgTClNvbWUtU3RhdGUxITAfBgNVBAoT
GEludGVybmV0IFdpZGdpdHMgUHR5IEx0ZIIJAPmsD+VGldyPMAwGA1UdEwQFMAMBAf8wDQYJKoZI
hvcNAQELBQADggEBAHZmIo9GBTSsD5DJfKkCVUvBafwR089HBkgVPOuVuEe803BRlKd4BVIsuxAU
Ay3oqdJYqf9ptPEx8Ef+ALbcDhRbWINhMgO70/S4x3pS9gOn7/Y9yZplOe4Jd2q3R8QBef+hKLcD
/Uv0Sqy2nilM8BnMga5tqsL+8oFt0blzXtQ2vcOVyNyG326uZBZv2Cf6FXFsYQX1L/tLeTBJegef
gGkg2dqCTKIU1Qy/Kd2P3/S01kQxjDeG7UfXc9qtelJ68kvzK2d3WOJ2qmsdMxjMNfTItP7FO54M
i8V7gp9HK+EimdSbgu7xktKlrqA2Rsn+dBoPSgOUs/LOGtCS9/biF0w=
</ds:X509Certificate>
</ds:X509Data>
</ds:KeyInfo>
</ds:Signature>

  <!-- Resign this metadata with the key found in credendial\key.pem -->

   <Extensions>
      <shibmd:KeyAuthority xmlns:shibmd="urn:mace:shibboleth:metadata:1.0" VerifyDepth="5">
         <!-- CN=ca.example.org, O=Internet2 , RSA cert -->
         <ds:KeyInfo xmlns:ds="http://www.w3.org/2000/09/xmldsig#">
            <ds:X509Data>
               <ds:X509Certificate>
                  MIIDXTCCAkWgAwIBAgIBATANBgkqhkiG9w0BAQUFADAtMRIwEAYDVQQKEwlJbnRl
                  cm5ldDIxFzAVBgNVBAMTDmNhLmV4YW1wbGUub3JnMB4XDTA3MDQwOTA1NDcxMloX
                  DTE3MDQwNjA1NDcxMlowLTESMBAGA1UEChMJSW50ZXJuZXQyMRcwFQYDVQQDEw5j
                  YS5leGFtcGxlLm9yZzCCASIwDQYJKoZIhvcNAQEBBQADggEPADCCAQoCggEBANxM
                  5/6mBCcX+S7HApcKtfqdFRZzi6Ra91nkEzXOUcO+BPUdYqSxKGnCCso25ZOZP3gn
                  JVkY8Pi7VWrCM6wRgIMyQDvNYqCpNjkZGFkrMoa6fm8BSaDHJ1fz6l/eEl0CVU3U
                  uUAf0mXQLGm6Jannq8aMolRujlhE5iRaOJ2qp6wqsvyatK+vTgDngnwYVa4Cqu0j
                  UeNF28quST5D3gIuZ0OeFHSM2Z1WUKkwwsHqVkxBBcH1QE1JOGIoSnrxxl/o4VlL
                  WGEI8zq5qixE8VYtBBmijBwIL5ETy2fwiqcsvimQaQAtAfbtpO3kBSs8n7nnzMUH
                  fRlcebGkwwcNfYcD5hcCAwEAAaOBhzCBhDAdBgNVHQ4EFgQU1e5lU95R2oetQupB
                  bvKv1u5GlAswVQYDVR0jBE4wTIAU1e5lU95R2oetQupBbvKv1u5GlAuhMaQvMC0x
                  EjAQBgNVBAoTCUludGVybmV0MjEXMBUGA1UEAxMOY2EuZXhhbXBsZS5vcmeCAQEw
                  DAYDVR0TBAUwAwEB/zANBgkqhkiG9w0BAQUFAAOCAQEAbqrozetM/iBVIUir9k14
                  HbLEP0lZ6jOPWFIUFXMOn0t8+Ul7PMp9Rdn+7OGQIoJw97/mam3kpQ/HmjJMFYv6
                  MGsDQ4vAOiQiaTKzgMhrnCdVpVH9uz4ARHiysCujnjH9sehTWgybY8pXzzSG5BAj
                  EGowHq01nXxq2K4yAJSdAUBYLfuSKW1uRU6cmEa9uzl9EvoZfAF3BLnGlPqu4Zaj
                  H2NC9ZY0y19LX4yeJLHL1sY4fyxb3x8QhcCXiI16awBTr/VnUpJjSe9vh+OudWGe
                  yCL/KhjlrDkjJ3hIxBF5mP/Y27cFpRnC2gECkieURvh52OyuqkzpbOrTN5rD9fNi
                  nA==
               </ds:X509Certificate>
            </ds:X509Data>
         </ds:KeyInfo>
      </shibmd:KeyAuthority>
   </Extensions>

   <EntityDescriptor entityID="http://idp.example.org/shibboleth">
      <!-- Protocol FOO -->
      <IDPSSODescriptor protocolSupportEnumeration="PROTOCOL_FOO">
         <KeyDescriptor use="encryption">
            <ds:KeyInfo xmlns:ds="http://www.w3.org/2000/09/xmldsig#">
               <ds:KeyName>IDP-SSO-RSA-Key</ds:KeyName>
               <ds:KeyValue>
                  <ds:RSAKeyValue>
                     <ds:Modulus>
                        AN8JWAXYu+G7RDfkW+YBUYxdzeLUyiNyrJtx9Vt+fROD8CPkW+4CIMWD0qka8wcMp0s5j7XGwpmr
                        IibnxIWFb7nPnVimduUcaO4O0+09u2ylDukA6ySee9spmvHtEY04nJBkTdCfzxjlkE3MAG6yo1eO
                        taVT2bhr5c0gWozhhskv
                     </ds:Modulus>
                     <ds:Exponent>AQAB</ds:Exponent>
                  </ds:RSAKeyValue>
               </ds:KeyValue>
            </ds:KeyInfo>
         </KeyDescriptor>
         <KeyDescriptor use="signing">
            <ds:KeyInfo xmlns:ds="http://www.w3.org/2000/09/xmldsig#">
               <ds:X509Data>
                  <!-- DSA cert -->
                  <ds:X509Certificate>
                     MIIECTCCAvGgAwIBAgIBMzANBgkqhkiG9w0BAQUFADAtMRIwEAYDVQQKEwlJbnRl
                     cm5ldDIxFzAVBgNVBAMTDmNhLmV4YW1wbGUub3JnMB4XDTA3MDUyNTIwMTYxMVoX
                     DTE3MDUyMjIwMTYxMVowGjEYMBYGA1UEAxMPaWRwLmV4YW1wbGUub3JnMIIBtjCC
                     ASsGByqGSM44BAEwggEeAoGBAI+ktw7R9m7TxjaCrT2MHwWNQUAyXPrqbFCcu+DC
                     irr861U6R6W/GyqWdcy8/D1Hh/I1U94POQn5yfqVPpVH2ZRS4OMFndHWaoo9V5LJ
                     oXTXHiDYB3W4t9tn0fm7It0n7VoUI5C4y9LG32Hq+UIGF/ktNTmo//mEqLS6aJNd
                     bMFpAhUArmKGh0hcpmjukYArWcMRvipB4CMCgYBuCiCrUaHBRRtqrk0P/Luq0l2M
                     2718GwSGeLPZip06gACDG7IctMrgH1J+ZIjsx6vffi977wnMDiktqacmaobV+SCR
                     W9ijJRdkYpUHmlLvuJGnDPjkvewpbGWJsCabpWEvWdYw3ma8RuHOPj4Jkrdd4VcR
                     aFwox/fPJ7cG6kBydgOBhAACgYBxQIPv9DCsmiMHG1FAxSARX0GcRiELJPJ+MtaS
                     tdTrVobNa2jebwc3npLiTvUR4U/CDo1mSZb+Sp/wian8kNZHmGcR6KbtJs9UDsa3
                     V0pbbgpUar4HcxV+NQJBbhn9RGu85g3PDILUrINiUAf26mhPN5Y0paM+HbM68nUf
                     1OLv16OBsjCBrzAJBgNVHRMEAjAAMCwGCWCGSAGG+EIBDQQfFh1PcGVuU1NMIEdl
                     bmVyYXRlZCBDZXJ0aWZpY2F0ZTAdBgNVHQ4EFgQUIHFAEB/3jIIZzJEJ/qdsuI8v
                     N3kwVQYDVR0jBE4wTIAU1e5lU95R2oetQupBbvKv1u5GlAuhMaQvMC0xEjAQBgNV
                     BAoTCUludGVybmV0MjEXMBUGA1UEAxMOY2EuZXhhbXBsZS5vcmeCAQEwDQYJKoZI
                     hvcNAQEFBQADggEBAJt4Q34+pqjW5tHHhkdzTITSBjOOf8EvYMgxTMRzhagLSHTt
                     9RgO5i/G7ELvnwe1j6187m1XD9iEAWKeKbB//ljeOpgnwzkLR9Er5tr1RI3cbil0
                     AX+oX0c1jfRaQnR50Rfb5YoNX6G963iphlxp9C8VLB6eOk/S270XoWoQIkO1ioQ8
                     JY4HE6AyDsOpJaOmHpBaxjgsiko52ZWZeZyaCyL98BXwVxeml7pYnHlXWWidB0N/
                     Zy+LbvWg3urUkiDjMcB6nGImmEfDSxRdybitcMwbwL26z2WOpwL3llm3mcCydKXg
                     Xt8IQhfDhOZOHWckeD2tStnJRP/cqBgO62/qirw=
                  </ds:X509Certificate>
               </ds:X509Data>
            </ds:KeyInfo>
         </KeyDescriptor>
         <SingleSignOnService Binding="urn:mace:shibboleth:1.0:profiles:AuthnRequest" Location="https://idp.example.org/shibboleth/SSO_FOO"/>
      </IDPSSODescriptor>
      
      <!-- Protocol BAR -->
      <IDPSSODescriptor protocolSupportEnumeration="PROTOCOL_BAR">
         <!-- Note no 'use' specified. -->
         <KeyDescriptor>
            <ds:KeyInfo xmlns:ds="http://www.w3.org/2000/09/xmldsig#">
               <ds:X509Data>
                  <!-- RSA cert -->
                  <ds:X509Certificate>
                     MIIC8TCCAdmgAwIBAgIBMjANBgkqhkiG9w0BAQUFADAtMRIwEAYDVQQKEwlJbnRl
                     cm5ldDIxFzAVBgNVBAMTDmNhLmV4YW1wbGUub3JnMB4XDTA3MDUyNTIwMDk1MVoX
                     DTE3MDUyMjIwMDk1MVowGjEYMBYGA1UEAxMPaWRwLmV4YW1wbGUub3JnMIGfMA0G
                     CSqGSIb3DQEBAQUAA4GNADCBiQKBgQDfCVgF2Lvhu0Q35FvmAVGMXc3i1Mojcqyb
                     cfVbfn0Tg/Aj5FvuAiDFg9KpGvMHDKdLOY+1xsKZqyIm58SFhW+5z51YpnblHGju
                     DtPtPbtspQ7pAOsknnvbKZrx7RGNOJyQZE3Qn88Y5ZBNzABusqNXjrWlU9m4a+XN
                     IFqM4YbJLwIDAQABo4GyMIGvMAkGA1UdEwQCMAAwLAYJYIZIAYb4QgENBB8WHU9w
                     ZW5TU0wgR2VuZXJhdGVkIENlcnRpZmljYXRlMB0GA1UdDgQWBBT2qDRFTzawttBG
                     jN6wxni/12tQQjBVBgNVHSMETjBMgBTV7mVT3lHah61C6kFu8q/W7kaUC6ExpC8w
                     LTESMBAGA1UEChMJSW50ZXJuZXQyMRcwFQYDVQQDEw5jYS5leGFtcGxlLm9yZ4IB
                     ATANBgkqhkiG9w0BAQUFAAOCAQEAlJYAou5ko3ujHVhOc4OB2AOOqdXAjThiXg6z
                     Tjezs7/F53b9IRt4in/k92y1tKZ87F/JcnH6MrzKfb8m5XtcYwtUSvmFTCp5rrFp
                     z1JhXlgnaWVJJ2G2vKLDGuPQvLV9zsWhnkbTPuzocvOotxl7w7LJvO3D/tzTAnnU
                     bgg1AfP+CTDs3F/ceHzWGVWTMUAmNGX8gMS2/xh66QoEzl7LBG8Xzpo0j+gSxe7h
                     Scb5iS4U/XUEbZylMUbbK57h9Bez8VVeO1jfwAniIBT0Ur9ksiYsAdyXYoXssGiF
                     bKW1K3QG1GA9wwGy5GvjyALuuXL4lEzFB0kMsGucNMfyyojX9A==
                  </ds:X509Certificate>
               </ds:X509Data>
            </ds:KeyInfo>
         </KeyDescriptor>
         <SingleSignOnService Binding="urn:mace:shibboleth:1.0:profiles:AuthnRequest" Location="https://idp.example.org/shibboleth/SSO_BAR"/>
      </IDPSSODescriptor>
      
      <AttributeAuthorityDescriptor protocolSupportEnumeration="urn:oasis:names:tc:SAML:1.1:protocol">
         <KeyDescriptor use="signing">
            <ds:KeyInfo xmlns:ds="http://www.w3.org/2000/09/xmldsig#">
               <ds:KeyName>idp.example.org</ds:KeyName>
            </ds:KeyInfo>&gt; </KeyDescriptor>
         <AttributeService Binding="urn:oasis:names:tc:SAML:1.0:bindings:SOAP-binding" Location="https://idp.example.org:8443/shibboleth/AA"/>
      </AttributeAuthorityDescriptor>
      
   </EntityDescriptor>
   
   

   <EntityDescriptor entityID="http://sp.example.org/">
      
      <SPSSODescriptor protocolSupportEnumeration="PROTOCOL_FOO PROTOCOL_BAR">
         <KeyDescriptor>
            <ds:KeyInfo xmlns:ds="http://www.w3.org/2000/09/xmldsig#">
               <ds:X509Data>
                  <!-- RSA cert -->
                  <ds:X509Certificate>
                     MIIC8DCCAdigAwIBAgIBNDANBgkqhkiG9w0BAQUFADAtMRIwEAYDVQQKEwlJbnRl
                     cm5ldDIxFzAVBgNVBAMTDmNhLmV4YW1wbGUub3JnMB4XDTA3MDUyNTIwMzEwOFoX
                     DTE3MDUyMjIwMzEwOFowGTEXMBUGA1UEAxMOc3AuZXhhbXBsZS5vcmcwgZ8wDQYJ
                     KoZIhvcNAQEBBQADgY0AMIGJAoGBAKk7xVQ23rc51qieDAcj3CCsumTTpTiFCxGi
                     qDA8lStdcBmoNX3v+lBFKkXtQKwebcwOF3YyHFyZ2kXFREfZrG76h/5QBFNQZa6y
                     /rJskCl9bnz70HVDzBGizRc3qWVDKP1EQ6rRY2qkeGd33NKHkVUepGMPhHsv3kK+
                     zVUR6/v/AgMBAAGjgbIwga8wCQYDVR0TBAIwADAsBglghkgBhvhCAQ0EHxYdT3Bl
                     blNTTCBHZW5lcmF0ZWQgQ2VydGlmaWNhdGUwHQYDVR0OBBYEFOhBatBFJQgNeKiG
                     1/Ro9W9zmO92MFUGA1UdIwROMEyAFNXuZVPeUdqHrULqQW7yr9buRpQLoTGkLzAt
                     MRIwEAYDVQQKEwlJbnRlcm5ldDIxFzAVBgNVBAMTDmNhLmV4YW1wbGUub3JnggEB
                     MA0GCSqGSIb3DQEBBQUAA4IBAQAhpFQ4+OOrtETiuSagUe9dSqm1hahcQuv3iWRf
                     L7Pp6i2x1rR6hlk9zXUC58Oou/UOUOpPWZG/8cr3B50ViuT3zVisIYdaCGeUZ3ef
                     EeeeaI77m73xpn/qNI4aIlr6Wmj9C0biJsF3hJvtK2VJu74GCUtxsXkEKyQ0fNx6
                     bTd50RxUhM4uto7YqvMfKH6GDJPRcFmsR5YEajxOVihfRtOjvd1rTnOQLWYQRy1O
                     ZQek1Z6M7aJmYanYEAjQhyzbKM+R2sqzMlgHbGnbeAADEBnQi8GSkTpgyieT6NC8
                     6SvWhq47gNpBYySYhb9zKx/OcZMK4UBD48HhAatEgovrKCHH
                  </ds:X509Certificate>
               </ds:X509Data>
            </ds:KeyInfo>
         </KeyDescriptor>
         <AssertionConsumerService Binding="urn:oasis:names:tc:SAML:1.0:profiles:browser-post" Location="https://sp.example.org/Shibboleth.sso/POST" index="0"/>
      </SPSSODescriptor>
      
   </EntityDescriptor>

</EntitiesDescriptor>